#-----------------------------------------------------------
# Vivado v2021.1 (64-bit)
# SW Build 3247384 on Thu Jun 10 19:36:33 MDT 2021
# IP Build 3246043 on Fri Jun 11 00:30:35 MDT 2021
# Start of session at: Sun Sep  1 21:26:07 2024
# Process ID: 20616
# Current directory: C:/Users/Booh/OneDrive/Documents/FPGA-Cam/Final_Copy/Cam_RoPuf_Hw/Cam_RoPuf_Hw/project_1
# Command line: vivado.exe -gui_launcher_event rodinguilauncherevent11604 C:\Users\Booh\OneDrive\Documents\FPGA-Cam\Final_Copy\Cam_RoPuf_Hw\Cam_RoPuf_Hw\project_1\project_1.xpr
# Log file: C:/Users/Booh/OneDrive/Documents/FPGA-Cam/Final_Copy/Cam_RoPuf_Hw/Cam_RoPuf_Hw/project_1/vivado.log
# Journal file: C:/Users/Booh/OneDrive/Documents/FPGA-Cam/Final_Copy/Cam_RoPuf_Hw/Cam_RoPuf_Hw/project_1\vivado.jou
#-----------------------------------------------------------
start_gui
open_project C:/Users/Booh/OneDrive/Documents/FPGA-Cam/Final_Copy/Cam_RoPuf_Hw/Cam_RoPuf_Hw/project_1/project_1.xpr
INFO: [ProjectBase 1-489] The host OS only allows 260 characters in a normal path. The project is stored in a path with more than 80 characters. If you experience issues with IP, Block Designs, or files not being found, please consider moving the project to a location with a shorter path. Alternately consider using the OS subst command to map part of the path to a drive letter.
Current project path is 'C:/Users/Booh/OneDrive/Documents/FPGA-Cam/Final_Copy/Cam_RoPuf_Hw/Cam_RoPuf_Hw/project_1'
INFO: [Project 1-313] Project file moved from 'D:/Mukesh/Cam_RoPuf_Hw/project_1' since last save.
WARNING: [filemgmt 56-2] IP Repository Path: Could not find the directory 'C:/Users/Booh/OneDrive/Documents/FPGA-Cam/Final_Copy/Cam_RoPuf_Hw/Stream_Monitor/Stream_monitor/ip_repo', nor could it be found using path 'D:/Mukesh/Stream_Monitor/Stream_monitor/ip_repo'.
Scanning sources...
Finished scanning sources
INFO: [IP_Flow 19-234] Refreshing IP repositories
WARNING: [IP_Flow 19-2248] Failed to load user IP repository 'c:/Users/Booh/OneDrive/Documents/FPGA-Cam/Final_Copy/Cam_RoPuf_Hw/Stream_Monitor/Stream_monitor/ip_repo'; Can't find the specified path.
If this directory should no longer be in your list of user repositories, go to the IP Settings dialog and remove it.
INFO: [IP_Flow 19-2313] Loaded Vivado IP repository 'C:/Xilinx/Vivado/2021.1/data/ip'.
WARNING: [BD 41-1661] One or more IPs have been locked in the design 'system.bd'. Please run report_ip_status for more details and recommendations on how to fix this issue.
List of locked IPs:
system_keyDetector_0_0

open_project: Time (s): cpu = 00:00:13 ; elapsed = 00:00:16 . Memory (MB): peak = 1222.684 ; gain = 0.000
exit
INFO: [Common 17-206] Exiting Vivado at Sun Sep  1 21:26:47 2024...
