Copyright 1986-2021 Xilinx, Inc. All Rights Reserved.
----------------------------------------------------------------------------------------------------------------------------------------------------------------
| Tool Version     : Vivado v.2021.1 (win64) Build 3247384 Thu Jun 10 19:36:33 MDT 2021
| Date             : Sat Aug 31 15:53:45 2024
| Host             : RECONPC4 running 64-bit major release  (build 9200)
| Command          : report_power -file system_wrapper_power_routed.rpt -pb system_wrapper_power_summary_routed.pb -rpx system_wrapper_power_routed.rpx
| Design           : system_wrapper
| Device           : xc7z020clg400-1
| Design State     : routed
| Grade            : commercial
| Process          : typical
| Characterization : Production
----------------------------------------------------------------------------------------------------------------------------------------------------------------

Power Report

Table of Contents
-----------------
1. Summary
1.1 On-Chip Components
1.2 Power Supply Summary
1.3 Confidence Level
2. Settings
2.1 Environment
2.2 Clock Constraints
3. Detailed Reports
3.1 By Hierarchy

1. Summary
----------

+--------------------------+--------------+
| Total On-Chip Power (W)  | 2.010        |
| Design Power Budget (W)  | Unspecified* |
| Power Budget Margin (W)  | NA           |
| Dynamic (W)              | 1.846        |
| Device Static (W)        | 0.164        |
| Effective TJA (C/W)      | 11.5         |
| Max Ambient (C)          | 61.8         |
| Junction Temperature (C) | 48.2         |
| Confidence Level         | Low          |
| Setting File             | ---          |
| Simulation Activity File | ---          |
| Design Nets Matched      | NA           |
+--------------------------+--------------+
* Specify Design Power Budget using, set_operating_conditions -design_power_budget <value in Watts>


1.1 On-Chip Components
----------------------

+--------------------------+-----------+----------+-----------+-----------------+
| On-Chip                  | Power (W) | Used     | Available | Utilization (%) |
+--------------------------+-----------+----------+-----------+-----------------+
| Clocks                   |     0.088 |       13 |       --- |             --- |
| Slice Logic              |     0.020 |    35880 |       --- |             --- |
|   LUT as Logic           |     0.017 |    12370 |     53200 |           23.25 |
|   CARRY4                 |     0.001 |      460 |     13300 |            3.46 |
|   Register               |     0.001 |    16749 |    106400 |           15.74 |
|   F7/F8 Muxes            |    <0.001 |     1105 |     53200 |            2.08 |
|   LUT as Shift Register  |    <0.001 |      730 |     17400 |            4.20 |
|   LUT as Distributed RAM |    <0.001 |       84 |     17400 |            0.48 |
|   Others                 |     0.000 |     1653 |       --- |             --- |
| Signals                  |     0.027 |    27145 |       --- |             --- |
| Block RAM                |     0.023 |      100 |       140 |           71.43 |
| MMCM                     |     0.191 |        2 |         4 |           50.00 |
| I/O                      |     0.084 |       27 |       125 |           21.60 |
| XADC                     |    <0.001 |        1 |       --- |             --- |
| PS7                      |     1.412 |        1 |       --- |             --- |
| Static Power             |     0.164 |          |           |                 |
| Total                    |     2.010 |          |           |                 |
+--------------------------+-----------+----------+-----------+-----------------+


1.2 Power Supply Summary
------------------------

+-----------+-------------+-----------+-------------+------------+-------------+-------------+------------+
| Source    | Voltage (V) | Total (A) | Dynamic (A) | Static (A) | Powerup (A) | Budget (A)  | Margin (A) |
+-----------+-------------+-----------+-------------+------------+-------------+-------------+------------+
| Vccint    |       1.000 |     0.186 |       0.165 |      0.021 |       NA    | Unspecified | NA         |
| Vccaux    |       1.800 |     0.146 |       0.129 |      0.016 |       NA    | Unspecified | NA         |
| Vcco33    |       3.300 |     0.011 |       0.010 |      0.001 |       NA    | Unspecified | NA         |
| Vcco25    |       2.500 |     0.000 |       0.000 |      0.000 |       NA    | Unspecified | NA         |
| Vcco18    |       1.800 |     0.000 |       0.000 |      0.000 |       NA    | Unspecified | NA         |
| Vcco15    |       1.500 |     0.000 |       0.000 |      0.000 |       NA    | Unspecified | NA         |
| Vcco135   |       1.350 |     0.000 |       0.000 |      0.000 |       NA    | Unspecified | NA         |
| Vcco12    |       1.200 |     0.000 |       0.000 |      0.000 |       NA    | Unspecified | NA         |
| Vccaux_io |       1.800 |     0.000 |       0.000 |      0.000 |       NA    | Unspecified | NA         |
| Vccbram   |       1.000 |     0.010 |       0.002 |      0.008 |       NA    | Unspecified | NA         |
| MGTAVcc   |       1.000 |     0.000 |       0.000 |      0.000 |       NA    | Unspecified | NA         |
| MGTAVtt   |       1.200 |     0.000 |       0.000 |      0.000 |       NA    | Unspecified | NA         |
| MGTVccaux |       1.800 |     0.000 |       0.000 |      0.000 |       NA    | Unspecified | NA         |
| Vccpint   |       1.000 |     0.764 |       0.730 |      0.034 |       NA    | Unspecified | NA         |
| Vccpaux   |       1.800 |     0.062 |       0.051 |      0.010 |       NA    | Unspecified | NA         |
| Vccpll    |       1.800 |     0.017 |       0.014 |      0.003 |       NA    | Unspecified | NA         |
| Vcco_ddr  |       1.350 |     0.413 |       0.411 |      0.002 |       NA    | Unspecified | NA         |
| Vcco_mio0 |       3.300 |     0.003 |       0.002 |      0.001 |       NA    | Unspecified | NA         |
| Vcco_mio1 |       1.800 |     0.003 |       0.002 |      0.001 |       NA    | Unspecified | NA         |
| Vccadc    |       1.800 |     0.020 |       0.000 |      0.020 |       NA    | Unspecified | NA         |
+-----------+-------------+-----------+-------------+------------+-------------+-------------+------------+


1.3 Confidence Level
--------------------

+-----------------------------+------------+--------------------------------------------------------+------------------------------------------------------------------------------------------------------------+
| User Input Data             | Confidence | Details                                                | Action                                                                                                     |
+-----------------------------+------------+--------------------------------------------------------+------------------------------------------------------------------------------------------------------------+
| Design implementation state | High       | Design is routed                                       |                                                                                                            |
| Clock nodes activity        | High       | User specified more than 95% of clocks                 |                                                                                                            |
| I/O nodes activity          | Low        | More than 75% of inputs are missing user specification | Provide missing input activity with simulation results or by editing the "By Resource Type -> I/Os" view   |
| Internal nodes activity     | Medium     | User specified less than 25% of internal nodes         | Provide missing internal nodes activity with simulation results or by editing the "By Resource Type" views |
| Device models               | High       | Device models are Production                           |                                                                                                            |
|                             |            |                                                        |                                                                                                            |
| Overall confidence level    | Low        |                                                        |                                                                                                            |
+-----------------------------+------------+--------------------------------------------------------+------------------------------------------------------------------------------------------------------------+


2. Settings
-----------

2.1 Environment
---------------

+-----------------------+------------------------+
| Ambient Temp (C)      | 25.0                   |
| ThetaJA (C/W)         | 11.5                   |
| Airflow (LFM)         | 250                    |
| Heat Sink             | none                   |
| ThetaSA (C/W)         | 0.0                    |
| Board Selection       | medium (10"x10")       |
| # of Board Layers     | 8to11 (8 to 11 Layers) |
| Board Temperature (C) | 25.0                   |
+-----------------------+------------------------+


2.2 Clock Constraints
---------------------

+--------------------------------------------------------------------------------------------+-----------------------------------------------------------------------------------+-----------------+
| Clock                                                                                      | Domain                                                                            | Constraint (ns) |
+--------------------------------------------------------------------------------------------+-----------------------------------------------------------------------------------+-----------------+
| MIPI_D_PHY_RX_0_RxByteClkHS                                                                | system_i/MIPI_D_PHY_RX_0/U0/ClockLane/HSClockingX/CLK                             |            19.0 |
| clk_fpga_0                                                                                 | system_i/processing_system7_0/inst/FCLK_CLK_unbuffered[0]                         |            10.0 |
| clk_out1_system_clk_wiz_0_0                                                                | system_i/clk_wiz_0/inst/clk_out1_system_clk_wiz_0_0                               |            20.0 |
| clk_out2_system_clk_wiz_0_0                                                                | system_i/clk_wiz_0/inst/clk_out2_system_clk_wiz_0_0                               |             6.7 |
| clk_out3_system_clk_wiz_0_0                                                                | system_i/clk_wiz_0/inst/clk_out3_system_clk_wiz_0_0                               |             5.0 |
| clkfbout_system_clk_wiz_0_0                                                                | system_i/clk_wiz_0/inst/clkfbout_system_clk_wiz_0_0                               |            10.0 |
| clkfbout_system_video_dynclk_0                                                             | system_i/video_dynclk/inst/CLK_CORE_DRP_I/clk_inst/clkfbout_system_video_dynclk_0 |            50.0 |
| dbg_hub/inst/BSCANID.u_xsdbm_id/SWITCH_N_EXT_BSCAN.bscan_inst/SERIES7_BSCAN.bscan_inst/TCK | dbg_hub/inst/BSCANID.u_xsdbm_id/SWITCH_N_EXT_BSCAN.bscan_inst/tck_bs              |            33.0 |
| dphy_hs_clock_p                                                                            | dphy_hs_clock_clk_p                                                               |             4.8 |
| pixel_dynclk                                                                               | system_i/DVIClocking_0/U0/PixelClk                                                |             6.7 |
| video_dynclk                                                                               | system_i/video_dynclk/inst/CLK_CORE_DRP_I/clk_inst/pxl_clk_5x                     |             1.7 |
+--------------------------------------------------------------------------------------------+-----------------------------------------------------------------------------------+-----------------+


3. Detailed Reports
-------------------

3.1 By Hierarchy
----------------

+---------------------------+-----------+
| Name                      | Power (W) |
+---------------------------+-----------+
| system_wrapper            |     1.846 |
|   cam_gpio_tri_iobuf_0    |     0.004 |
|   cam_iic_scl_iobuf       |     0.004 |
|   cam_iic_sda_iobuf       |     0.004 |
|   dbg_hub                 |     0.004 |
|     inst                  |     0.004 |
|       BSCANID.u_xsdbm_id  |     0.004 |
|   system_i                |     1.828 |
|     AXI_BayerToRGB_1      |     0.006 |
|       U0                  |     0.006 |
|     AXI_GammaCorrection_0 |     0.007 |
|       U0                  |     0.007 |
|     MIPI_CSI_2_RX_0       |     0.008 |
|       U0                  |     0.008 |
|     MIPI_D_PHY_RX_0       |     0.054 |
|       U0                  |     0.054 |
|     axi_bram_ctrl_0       |     0.001 |
|       U0                  |     0.001 |
|     axi_mem_intercon_1    |     0.001 |
|       s00_couplers        |     0.001 |
|     axi_vdma_0            |     0.033 |
|       U0                  |     0.033 |
|     blk_mem_gen_0         |     0.003 |
|       U0                  |     0.003 |
|     clk_wiz_0             |     0.087 |
|       inst                |     0.087 |
|     processing_system7_0  |     1.414 |
|       inst                |     1.414 |
|     ps7_0_axi_periph      |     0.013 |
|       m00_couplers        |     0.001 |
|       m01_couplers        |     0.002 |
|       m02_couplers        |     0.001 |
|       m03_couplers        |     0.001 |
|       m04_couplers        |     0.001 |
|       m07_couplers        |     0.001 |
|       m09_couplers        |     0.002 |
|       m10_couplers        |     0.001 |
|     rgb2dvi_0             |     0.026 |
|       U0                  |     0.026 |
|     streamMonitor_0       |     0.001 |
|       U0                  |     0.001 |
|     system_ila_0          |     0.037 |
|       U0                  |     0.037 |
|     v_axi4s_vid_out_0     |     0.006 |
|       inst                |     0.006 |
|     video_dynclk          |     0.109 |
|       inst                |     0.109 |
|     vtg                   |     0.018 |
|       U0                  |     0.018 |
|     xadc_wiz_0            |     0.002 |
|       U0                  |     0.002 |
+---------------------------+-----------+


