
*** Running vivado
    with args -log system_xbar_0.vds -m64 -product Vivado -mode batch -messageDb vivado.pb -notrace -source system_xbar_0.tcl



****** Vivado v2021.1 (64-bit)
  **** SW Build 3247384 on Thu Jun 10 19:36:33 MDT 2021
  **** IP Build 3246043 on Fri Jun 11 00:30:35 MDT 2021
    ** Copyright 1986-2021 Xilinx, Inc. All Rights Reserved.

source system_xbar_0.tcl -notrace
create_project: Time (s): cpu = 00:00:04 ; elapsed = 00:00:06 . Memory (MB): peak = 1257.195 ; gain = 0.000
INFO: [IP_Flow 19-234] Refreshing IP repositories
INFO: [IP_Flow 19-1700] Loaded user IP repository 'd:/Mukesh/Stream_Monitor/Stream_monitor/ip_repo'.
INFO: [IP_Flow 19-2313] Loaded Vivado IP repository 'D:/Xilinx/Vivado/2021.1/data/ip'.
Command: synth_design -top system_xbar_0 -part xc7z020clg400-1 -mode out_of_context
Starting synth_design
Attempting to get a license for feature 'Synthesis' and/or device 'xc7z020'
INFO: [Common 17-349] Got license for feature 'Synthesis' and/or device 'xc7z020'
INFO: [Device 21-403] Loading part xc7z020clg400-1
INFO: [Synth 8-7079] Multithreading enabled for synth_design using a maximum of 2 processes.
INFO: [Synth 8-7078] Launching helper process for spawning children vivado processes
INFO: [Synth 8-7075] Helper process launched with PID 10936
---------------------------------------------------------------------------------
Starting RTL Elaboration : Time (s): cpu = 00:00:10 ; elapsed = 00:00:10 . Memory (MB): peak = 1302.020 ; gain = 44.824
---------------------------------------------------------------------------------
INFO: [Synth 8-6157] synthesizing module 'system_xbar_0' [d:/Mukesh/Cam_RoPuf_Hw/project_1/project_1.gen/sources_1/bd/system/ip/system_xbar_0/synth/system_xbar_0.v:60]
INFO: [Synth 8-6157] synthesizing module 'axi_crossbar_v2_1_25_axi_crossbar' [d:/Mukesh/Cam_RoPuf_Hw/project_1/project_1.gen/sources_1/bd/system/ipshared/3917/hdl/axi_crossbar_v2_1_vl_rfs.v:4884]
INFO: [Synth 8-6157] synthesizing module 'axi_crossbar_v2_1_25_crossbar_sasd' [d:/Mukesh/Cam_RoPuf_Hw/project_1/project_1.gen/sources_1/bd/system/ipshared/3917/hdl/axi_crossbar_v2_1_vl_rfs.v:1240]
INFO: [Synth 8-6157] synthesizing module 'axi_crossbar_v2_1_25_addr_decoder' [d:/Mukesh/Cam_RoPuf_Hw/project_1/project_1.gen/sources_1/bd/system/ipshared/3917/hdl/axi_crossbar_v2_1_vl_rfs.v:794]
INFO: [Synth 8-6157] synthesizing module 'generic_baseblocks_v2_1_0_comparator_static' [d:/Mukesh/Cam_RoPuf_Hw/project_1/project_1.gen/sources_1/bd/system/ipshared/b752/hdl/generic_baseblocks_v2_1_vl_rfs.v:2133]
INFO: [Synth 8-6157] synthesizing module 'generic_baseblocks_v2_1_0_carry_and' [d:/Mukesh/Cam_RoPuf_Hw/project_1/project_1.gen/sources_1/bd/system/ipshared/b752/hdl/generic_baseblocks_v2_1_vl_rfs.v:62]
INFO: [Synth 8-6155] done synthesizing module 'generic_baseblocks_v2_1_0_carry_and' (1#1) [d:/Mukesh/Cam_RoPuf_Hw/project_1/project_1.gen/sources_1/bd/system/ipshared/b752/hdl/generic_baseblocks_v2_1_vl_rfs.v:62]
INFO: [Synth 8-6155] done synthesizing module 'generic_baseblocks_v2_1_0_comparator_static' (2#1) [d:/Mukesh/Cam_RoPuf_Hw/project_1/project_1.gen/sources_1/bd/system/ipshared/b752/hdl/generic_baseblocks_v2_1_vl_rfs.v:2133]
INFO: [Synth 8-6157] synthesizing module 'generic_baseblocks_v2_1_0_comparator_static__parameterized0' [d:/Mukesh/Cam_RoPuf_Hw/project_1/project_1.gen/sources_1/bd/system/ipshared/b752/hdl/generic_baseblocks_v2_1_vl_rfs.v:2133]
INFO: [Synth 8-6155] done synthesizing module 'generic_baseblocks_v2_1_0_comparator_static__parameterized0' (2#1) [d:/Mukesh/Cam_RoPuf_Hw/project_1/project_1.gen/sources_1/bd/system/ipshared/b752/hdl/generic_baseblocks_v2_1_vl_rfs.v:2133]
INFO: [Synth 8-6157] synthesizing module 'generic_baseblocks_v2_1_0_comparator_static__parameterized1' [d:/Mukesh/Cam_RoPuf_Hw/project_1/project_1.gen/sources_1/bd/system/ipshared/b752/hdl/generic_baseblocks_v2_1_vl_rfs.v:2133]
INFO: [Synth 8-6155] done synthesizing module 'generic_baseblocks_v2_1_0_comparator_static__parameterized1' (2#1) [d:/Mukesh/Cam_RoPuf_Hw/project_1/project_1.gen/sources_1/bd/system/ipshared/b752/hdl/generic_baseblocks_v2_1_vl_rfs.v:2133]
INFO: [Synth 8-6157] synthesizing module 'generic_baseblocks_v2_1_0_comparator_static__parameterized2' [d:/Mukesh/Cam_RoPuf_Hw/project_1/project_1.gen/sources_1/bd/system/ipshared/b752/hdl/generic_baseblocks_v2_1_vl_rfs.v:2133]
INFO: [Synth 8-6155] done synthesizing module 'generic_baseblocks_v2_1_0_comparator_static__parameterized2' (2#1) [d:/Mukesh/Cam_RoPuf_Hw/project_1/project_1.gen/sources_1/bd/system/ipshared/b752/hdl/generic_baseblocks_v2_1_vl_rfs.v:2133]
INFO: [Synth 8-6157] synthesizing module 'generic_baseblocks_v2_1_0_comparator_static__parameterized3' [d:/Mukesh/Cam_RoPuf_Hw/project_1/project_1.gen/sources_1/bd/system/ipshared/b752/hdl/generic_baseblocks_v2_1_vl_rfs.v:2133]
INFO: [Synth 8-6155] done synthesizing module 'generic_baseblocks_v2_1_0_comparator_static__parameterized3' (2#1) [d:/Mukesh/Cam_RoPuf_Hw/project_1/project_1.gen/sources_1/bd/system/ipshared/b752/hdl/generic_baseblocks_v2_1_vl_rfs.v:2133]
INFO: [Synth 8-6157] synthesizing module 'generic_baseblocks_v2_1_0_comparator_static__parameterized4' [d:/Mukesh/Cam_RoPuf_Hw/project_1/project_1.gen/sources_1/bd/system/ipshared/b752/hdl/generic_baseblocks_v2_1_vl_rfs.v:2133]
INFO: [Synth 8-6155] done synthesizing module 'generic_baseblocks_v2_1_0_comparator_static__parameterized4' (2#1) [d:/Mukesh/Cam_RoPuf_Hw/project_1/project_1.gen/sources_1/bd/system/ipshared/b752/hdl/generic_baseblocks_v2_1_vl_rfs.v:2133]
INFO: [Synth 8-6157] synthesizing module 'generic_baseblocks_v2_1_0_comparator_static__parameterized5' [d:/Mukesh/Cam_RoPuf_Hw/project_1/project_1.gen/sources_1/bd/system/ipshared/b752/hdl/generic_baseblocks_v2_1_vl_rfs.v:2133]
INFO: [Synth 8-6155] done synthesizing module 'generic_baseblocks_v2_1_0_comparator_static__parameterized5' (2#1) [d:/Mukesh/Cam_RoPuf_Hw/project_1/project_1.gen/sources_1/bd/system/ipshared/b752/hdl/generic_baseblocks_v2_1_vl_rfs.v:2133]
INFO: [Synth 8-6157] synthesizing module 'generic_baseblocks_v2_1_0_comparator_static__parameterized6' [d:/Mukesh/Cam_RoPuf_Hw/project_1/project_1.gen/sources_1/bd/system/ipshared/b752/hdl/generic_baseblocks_v2_1_vl_rfs.v:2133]
INFO: [Synth 8-6155] done synthesizing module 'generic_baseblocks_v2_1_0_comparator_static__parameterized6' (2#1) [d:/Mukesh/Cam_RoPuf_Hw/project_1/project_1.gen/sources_1/bd/system/ipshared/b752/hdl/generic_baseblocks_v2_1_vl_rfs.v:2133]
INFO: [Synth 8-6157] synthesizing module 'generic_baseblocks_v2_1_0_comparator_static__parameterized7' [d:/Mukesh/Cam_RoPuf_Hw/project_1/project_1.gen/sources_1/bd/system/ipshared/b752/hdl/generic_baseblocks_v2_1_vl_rfs.v:2133]
INFO: [Synth 8-6155] done synthesizing module 'generic_baseblocks_v2_1_0_comparator_static__parameterized7' (2#1) [d:/Mukesh/Cam_RoPuf_Hw/project_1/project_1.gen/sources_1/bd/system/ipshared/b752/hdl/generic_baseblocks_v2_1_vl_rfs.v:2133]
INFO: [Synth 8-6157] synthesizing module 'generic_baseblocks_v2_1_0_comparator_static__parameterized8' [d:/Mukesh/Cam_RoPuf_Hw/project_1/project_1.gen/sources_1/bd/system/ipshared/b752/hdl/generic_baseblocks_v2_1_vl_rfs.v:2133]
INFO: [Synth 8-6155] done synthesizing module 'generic_baseblocks_v2_1_0_comparator_static__parameterized8' (2#1) [d:/Mukesh/Cam_RoPuf_Hw/project_1/project_1.gen/sources_1/bd/system/ipshared/b752/hdl/generic_baseblocks_v2_1_vl_rfs.v:2133]
INFO: [Synth 8-6155] done synthesizing module 'axi_crossbar_v2_1_25_addr_decoder' (3#1) [d:/Mukesh/Cam_RoPuf_Hw/project_1/project_1.gen/sources_1/bd/system/ipshared/3917/hdl/axi_crossbar_v2_1_vl_rfs.v:794]
INFO: [Synth 8-6157] synthesizing module 'axi_crossbar_v2_1_25_decerr_slave' [d:/Mukesh/Cam_RoPuf_Hw/project_1/project_1.gen/sources_1/bd/system/ipshared/3917/hdl/axi_crossbar_v2_1_vl_rfs.v:3501]
INFO: [Synth 8-155] case statement is not full and has no default [d:/Mukesh/Cam_RoPuf_Hw/project_1/project_1.gen/sources_1/bd/system/ipshared/3917/hdl/axi_crossbar_v2_1_vl_rfs.v:3633]
INFO: [Synth 8-6155] done synthesizing module 'axi_crossbar_v2_1_25_decerr_slave' (4#1) [d:/Mukesh/Cam_RoPuf_Hw/project_1/project_1.gen/sources_1/bd/system/ipshared/3917/hdl/axi_crossbar_v2_1_vl_rfs.v:3501]
INFO: [Synth 8-6157] synthesizing module 'axi_crossbar_v2_1_25_addr_arbiter_sasd' [d:/Mukesh/Cam_RoPuf_Hw/project_1/project_1.gen/sources_1/bd/system/ipshared/3917/hdl/axi_crossbar_v2_1_vl_rfs.v:65]
INFO: [Synth 8-6155] done synthesizing module 'axi_crossbar_v2_1_25_addr_arbiter_sasd' (5#1) [d:/Mukesh/Cam_RoPuf_Hw/project_1/project_1.gen/sources_1/bd/system/ipshared/3917/hdl/axi_crossbar_v2_1_vl_rfs.v:65]
INFO: [Synth 8-6157] synthesizing module 'axi_crossbar_v2_1_25_splitter' [d:/Mukesh/Cam_RoPuf_Hw/project_1/project_1.gen/sources_1/bd/system/ipshared/3917/hdl/axi_crossbar_v2_1_vl_rfs.v:4461]
INFO: [Synth 8-6155] done synthesizing module 'axi_crossbar_v2_1_25_splitter' (6#1) [d:/Mukesh/Cam_RoPuf_Hw/project_1/project_1.gen/sources_1/bd/system/ipshared/3917/hdl/axi_crossbar_v2_1_vl_rfs.v:4461]
INFO: [Synth 8-6157] synthesizing module 'axi_crossbar_v2_1_25_splitter__parameterized0' [d:/Mukesh/Cam_RoPuf_Hw/project_1/project_1.gen/sources_1/bd/system/ipshared/3917/hdl/axi_crossbar_v2_1_vl_rfs.v:4461]
INFO: [Synth 8-6155] done synthesizing module 'axi_crossbar_v2_1_25_splitter__parameterized0' (6#1) [d:/Mukesh/Cam_RoPuf_Hw/project_1/project_1.gen/sources_1/bd/system/ipshared/3917/hdl/axi_crossbar_v2_1_vl_rfs.v:4461]
INFO: [Synth 8-6157] synthesizing module 'generic_baseblocks_v2_1_0_mux_enc' [d:/Mukesh/Cam_RoPuf_Hw/project_1/project_1.gen/sources_1/bd/system/ipshared/b752/hdl/generic_baseblocks_v2_1_vl_rfs.v:2452]
INFO: [Synth 8-6155] done synthesizing module 'generic_baseblocks_v2_1_0_mux_enc' (7#1) [d:/Mukesh/Cam_RoPuf_Hw/project_1/project_1.gen/sources_1/bd/system/ipshared/b752/hdl/generic_baseblocks_v2_1_vl_rfs.v:2452]
INFO: [Synth 8-6157] synthesizing module 'generic_baseblocks_v2_1_0_mux_enc__parameterized0' [d:/Mukesh/Cam_RoPuf_Hw/project_1/project_1.gen/sources_1/bd/system/ipshared/b752/hdl/generic_baseblocks_v2_1_vl_rfs.v:2452]
INFO: [Synth 8-6155] done synthesizing module 'generic_baseblocks_v2_1_0_mux_enc__parameterized0' (7#1) [d:/Mukesh/Cam_RoPuf_Hw/project_1/project_1.gen/sources_1/bd/system/ipshared/b752/hdl/generic_baseblocks_v2_1_vl_rfs.v:2452]
INFO: [Synth 8-6157] synthesizing module 'generic_baseblocks_v2_1_0_mux_enc__parameterized1' [d:/Mukesh/Cam_RoPuf_Hw/project_1/project_1.gen/sources_1/bd/system/ipshared/b752/hdl/generic_baseblocks_v2_1_vl_rfs.v:2452]
INFO: [Synth 8-6155] done synthesizing module 'generic_baseblocks_v2_1_0_mux_enc__parameterized1' (7#1) [d:/Mukesh/Cam_RoPuf_Hw/project_1/project_1.gen/sources_1/bd/system/ipshared/b752/hdl/generic_baseblocks_v2_1_vl_rfs.v:2452]
INFO: [Synth 8-6157] synthesizing module 'axi_register_slice_v2_1_24_axic_register_slice' [d:/Mukesh/Cam_RoPuf_Hw/project_1/project_1.gen/sources_1/bd/system/ipshared/8f68/hdl/axi_register_slice_v2_1_vl_rfs.v:1498]
INFO: [Synth 8-6155] done synthesizing module 'axi_register_slice_v2_1_24_axic_register_slice' (8#1) [d:/Mukesh/Cam_RoPuf_Hw/project_1/project_1.gen/sources_1/bd/system/ipshared/8f68/hdl/axi_register_slice_v2_1_vl_rfs.v:1498]
INFO: [Synth 8-6157] synthesizing module 'generic_baseblocks_v2_1_0_mux_enc__parameterized2' [d:/Mukesh/Cam_RoPuf_Hw/project_1/project_1.gen/sources_1/bd/system/ipshared/b752/hdl/generic_baseblocks_v2_1_vl_rfs.v:2452]
INFO: [Synth 8-6155] done synthesizing module 'generic_baseblocks_v2_1_0_mux_enc__parameterized2' (8#1) [d:/Mukesh/Cam_RoPuf_Hw/project_1/project_1.gen/sources_1/bd/system/ipshared/b752/hdl/generic_baseblocks_v2_1_vl_rfs.v:2452]
INFO: [Synth 8-6155] done synthesizing module 'axi_crossbar_v2_1_25_crossbar_sasd' (9#1) [d:/Mukesh/Cam_RoPuf_Hw/project_1/project_1.gen/sources_1/bd/system/ipshared/3917/hdl/axi_crossbar_v2_1_vl_rfs.v:1240]
INFO: [Synth 8-6155] done synthesizing module 'axi_crossbar_v2_1_25_axi_crossbar' (10#1) [d:/Mukesh/Cam_RoPuf_Hw/project_1/project_1.gen/sources_1/bd/system/ipshared/3917/hdl/axi_crossbar_v2_1_vl_rfs.v:4884]
INFO: [Synth 8-6155] done synthesizing module 'system_xbar_0' (11#1) [d:/Mukesh/Cam_RoPuf_Hw/project_1/project_1.gen/sources_1/bd/system/ip/system_xbar_0/synth/system_xbar_0.v:60]
---------------------------------------------------------------------------------
Finished RTL Elaboration : Time (s): cpu = 00:00:16 ; elapsed = 00:00:18 . Memory (MB): peak = 1472.988 ; gain = 215.793
---------------------------------------------------------------------------------
---------------------------------------------------------------------------------
Start Handling Custom Attributes
---------------------------------------------------------------------------------
---------------------------------------------------------------------------------
Finished Handling Custom Attributes : Time (s): cpu = 00:00:17 ; elapsed = 00:00:18 . Memory (MB): peak = 1472.988 ; gain = 215.793
---------------------------------------------------------------------------------
---------------------------------------------------------------------------------
Finished RTL Optimization Phase 1 : Time (s): cpu = 00:00:17 ; elapsed = 00:00:18 . Memory (MB): peak = 1472.988 ; gain = 215.793
---------------------------------------------------------------------------------
Netlist sorting complete. Time (s): cpu = 00:00:00 ; elapsed = 00:00:00.065 . Memory (MB): peak = 1472.988 ; gain = 0.000
INFO: [Project 1-570] Preparing netlist for logic optimization

Processing XDC Constraints
Initializing timing engine
Parsing XDC File [d:/Mukesh/Cam_RoPuf_Hw/project_1/project_1.gen/sources_1/bd/system/ip/system_xbar_0/system_xbar_0_ooc.xdc] for cell 'inst'
Finished Parsing XDC File [d:/Mukesh/Cam_RoPuf_Hw/project_1/project_1.gen/sources_1/bd/system/ip/system_xbar_0/system_xbar_0_ooc.xdc] for cell 'inst'
Parsing XDC File [D:/Mukesh/Cam_RoPuf_Hw/project_1/project_1.runs/system_xbar_0_synth_1/dont_touch.xdc]
Finished Parsing XDC File [D:/Mukesh/Cam_RoPuf_Hw/project_1/project_1.runs/system_xbar_0_synth_1/dont_touch.xdc]
Completed Processing XDC Constraints

Netlist sorting complete. Time (s): cpu = 00:00:00 ; elapsed = 00:00:00.001 . Memory (MB): peak = 1486.973 ; gain = 0.000
INFO: [Project 1-111] Unisim Transformation Summary:
No Unisim elements were transformed.

Constraint Validation Runtime : Time (s): cpu = 00:00:00 ; elapsed = 00:00:00.136 . Memory (MB): peak = 1497.551 ; gain = 10.578
---------------------------------------------------------------------------------
Finished Constraint Validation : Time (s): cpu = 00:00:26 ; elapsed = 00:00:27 . Memory (MB): peak = 1497.551 ; gain = 240.355
---------------------------------------------------------------------------------
---------------------------------------------------------------------------------
Start Loading Part and Timing Information
---------------------------------------------------------------------------------
Loading part: xc7z020clg400-1
---------------------------------------------------------------------------------
Finished Loading Part and Timing Information : Time (s): cpu = 00:00:26 ; elapsed = 00:00:27 . Memory (MB): peak = 1497.551 ; gain = 240.355
---------------------------------------------------------------------------------
---------------------------------------------------------------------------------
Start Applying 'set_property' XDC Constraints
---------------------------------------------------------------------------------
Applied set_property KEEP_HIERARCHY = SOFT for inst. (constraint file  D:/Mukesh/Cam_RoPuf_Hw/project_1/project_1.runs/system_xbar_0_synth_1/dont_touch.xdc, line 9).
---------------------------------------------------------------------------------
Finished applying 'set_property' XDC Constraints : Time (s): cpu = 00:00:26 ; elapsed = 00:00:27 . Memory (MB): peak = 1497.551 ; gain = 240.355
---------------------------------------------------------------------------------
INFO: [Synth 8-802] inferred FSM for state register 'gen_axi.write_cs_reg' in module 'axi_crossbar_v2_1_25_decerr_slave'
---------------------------------------------------------------------------------------------------
                   State |                     New Encoding |                Previous Encoding 
---------------------------------------------------------------------------------------------------
            P_WRITE_IDLE |                              001 |                               00
            P_WRITE_DATA |                              010 |                               01
            P_WRITE_RESP |                              100 |                               10
---------------------------------------------------------------------------------------------------
INFO: [Synth 8-3354] encoded FSM with state register 'gen_axi.write_cs_reg' using encoding 'one-hot' in module 'axi_crossbar_v2_1_25_decerr_slave'
---------------------------------------------------------------------------------
Finished RTL Optimization Phase 2 : Time (s): cpu = 00:00:27 ; elapsed = 00:00:28 . Memory (MB): peak = 1497.551 ; gain = 240.355
---------------------------------------------------------------------------------
---------------------------------------------------------------------------------
Start RTL Component Statistics 
---------------------------------------------------------------------------------
Detailed RTL Component Info : 
+---Adders : 
	   2 Input    8 Bit       Adders := 1     
+---Registers : 
	               75 Bit    Registers := 1     
	               36 Bit    Registers := 2     
	               12 Bit    Registers := 1     
	                8 Bit    Registers := 1     
	                4 Bit    Registers := 1     
	                3 Bit    Registers := 1     
	                2 Bit    Registers := 2     
	                1 Bit    Registers := 18    
+---Muxes : 
	   2 Input   75 Bit        Muxes := 1     
	   2 Input   36 Bit        Muxes := 2     
	   2 Input   12 Bit        Muxes := 1     
	   2 Input   11 Bit        Muxes := 1     
	   2 Input    8 Bit        Muxes := 1     
	   2 Input    4 Bit        Muxes := 2     
	   3 Input    1 Bit        Muxes := 9     
	   2 Input    1 Bit        Muxes := 100   
---------------------------------------------------------------------------------
Finished RTL Component Statistics 
---------------------------------------------------------------------------------
---------------------------------------------------------------------------------
Start Part Resource Summary
---------------------------------------------------------------------------------
Part Resources:
DSPs: 220 (col length:60)
BRAMs: 280 (col length: RAMB18 60 RAMB36 30)
---------------------------------------------------------------------------------
Finished Part Resource Summary
---------------------------------------------------------------------------------
---------------------------------------------------------------------------------
Start Cross Boundary and Area Optimization
---------------------------------------------------------------------------------
---------------------------------------------------------------------------------
Finished Cross Boundary and Area Optimization : Time (s): cpu = 00:00:32 ; elapsed = 00:00:33 . Memory (MB): peak = 1497.551 ; gain = 240.355
---------------------------------------------------------------------------------
---------------------------------------------------------------------------------
Start Applying XDC Timing Constraints
---------------------------------------------------------------------------------
---------------------------------------------------------------------------------
Finished Applying XDC Timing Constraints : Time (s): cpu = 00:00:39 ; elapsed = 00:00:40 . Memory (MB): peak = 1497.551 ; gain = 240.355
---------------------------------------------------------------------------------
---------------------------------------------------------------------------------
Start Timing Optimization
---------------------------------------------------------------------------------
---------------------------------------------------------------------------------
Finished Timing Optimization : Time (s): cpu = 00:00:42 ; elapsed = 00:00:44 . Memory (MB): peak = 1511.992 ; gain = 254.797
---------------------------------------------------------------------------------
---------------------------------------------------------------------------------
Start Technology Mapping
---------------------------------------------------------------------------------
---------------------------------------------------------------------------------
Finished Technology Mapping : Time (s): cpu = 00:00:42 ; elapsed = 00:00:44 . Memory (MB): peak = 1522.027 ; gain = 264.832
---------------------------------------------------------------------------------
---------------------------------------------------------------------------------
Start IO Insertion
---------------------------------------------------------------------------------
---------------------------------------------------------------------------------
Start Flattening Before IO Insertion
---------------------------------------------------------------------------------
---------------------------------------------------------------------------------
Finished Flattening Before IO Insertion
---------------------------------------------------------------------------------
---------------------------------------------------------------------------------
Start Final Netlist Cleanup
---------------------------------------------------------------------------------
---------------------------------------------------------------------------------
Finished Final Netlist Cleanup
---------------------------------------------------------------------------------
---------------------------------------------------------------------------------
Finished IO Insertion : Time (s): cpu = 00:00:47 ; elapsed = 00:00:49 . Memory (MB): peak = 1522.027 ; gain = 264.832
---------------------------------------------------------------------------------
---------------------------------------------------------------------------------
Start Renaming Generated Instances
---------------------------------------------------------------------------------
---------------------------------------------------------------------------------
Finished Renaming Generated Instances : Time (s): cpu = 00:00:47 ; elapsed = 00:00:49 . Memory (MB): peak = 1522.027 ; gain = 264.832
---------------------------------------------------------------------------------
---------------------------------------------------------------------------------
Start Rebuilding User Hierarchy
---------------------------------------------------------------------------------
---------------------------------------------------------------------------------
Finished Rebuilding User Hierarchy : Time (s): cpu = 00:00:47 ; elapsed = 00:00:49 . Memory (MB): peak = 1522.027 ; gain = 264.832
---------------------------------------------------------------------------------
---------------------------------------------------------------------------------
Start Renaming Generated Ports
---------------------------------------------------------------------------------
---------------------------------------------------------------------------------
Finished Renaming Generated Ports : Time (s): cpu = 00:00:47 ; elapsed = 00:00:49 . Memory (MB): peak = 1522.027 ; gain = 264.832
---------------------------------------------------------------------------------
---------------------------------------------------------------------------------
Start Handling Custom Attributes
---------------------------------------------------------------------------------
---------------------------------------------------------------------------------
Finished Handling Custom Attributes : Time (s): cpu = 00:00:47 ; elapsed = 00:00:49 . Memory (MB): peak = 1522.027 ; gain = 264.832
---------------------------------------------------------------------------------
---------------------------------------------------------------------------------
Start Renaming Generated Nets
---------------------------------------------------------------------------------
---------------------------------------------------------------------------------
Finished Renaming Generated Nets : Time (s): cpu = 00:00:47 ; elapsed = 00:00:49 . Memory (MB): peak = 1522.027 ; gain = 264.832
---------------------------------------------------------------------------------
---------------------------------------------------------------------------------
Start Writing Synthesis Report
---------------------------------------------------------------------------------

Report BlackBoxes: 
+-+--------------+----------+
| |BlackBox name |Instances |
+-+--------------+----------+
+-+--------------+----------+

Report Cell Usage: 
+------+-----+------+
|      |Cell |Count |
+------+-----+------+
|1     |LUT1 |     1|
|2     |LUT2 |    19|
|3     |LUT3 |    56|
|4     |LUT4 |   113|
|5     |LUT5 |    69|
|6     |LUT6 |   241|
|7     |FDRE |   186|
|8     |FDSE |     1|
+------+-----+------+
---------------------------------------------------------------------------------
Finished Writing Synthesis Report : Time (s): cpu = 00:00:47 ; elapsed = 00:00:49 . Memory (MB): peak = 1522.027 ; gain = 264.832
---------------------------------------------------------------------------------
Synthesis finished with 0 errors, 0 critical warnings and 0 warnings.
Synthesis Optimization Runtime : Time (s): cpu = 00:00:27 ; elapsed = 00:00:45 . Memory (MB): peak = 1522.027 ; gain = 240.270
Synthesis Optimization Complete : Time (s): cpu = 00:00:48 ; elapsed = 00:00:49 . Memory (MB): peak = 1522.027 ; gain = 264.832
INFO: [Project 1-571] Translating synthesized netlist
Netlist sorting complete. Time (s): cpu = 00:00:00 ; elapsed = 00:00:00.044 . Memory (MB): peak = 1526.914 ; gain = 0.000
INFO: [Project 1-570] Preparing netlist for logic optimization
INFO: [Opt 31-138] Pushed 0 inverter(s) to 0 load pin(s).
Netlist sorting complete. Time (s): cpu = 00:00:00 ; elapsed = 00:00:00 . Memory (MB): peak = 1531.574 ; gain = 0.000
INFO: [Project 1-111] Unisim Transformation Summary:
No Unisim elements were transformed.

Synth Design complete, checksum: 348bdd8e
INFO: [Common 17-83] Releasing license: Synthesis
66 Infos, 0 Warnings, 0 Critical Warnings and 0 Errors encountered.
synth_design completed successfully
synth_design: Time (s): cpu = 00:00:53 ; elapsed = 00:00:55 . Memory (MB): peak = 1531.574 ; gain = 274.379
INFO: [Common 17-600] The following parameters have non-default value.
tcl.collectionResultDisplayLimit
INFO: [Common 17-1381] The checkpoint 'D:/Mukesh/Cam_RoPuf_Hw/project_1/project_1.runs/system_xbar_0_synth_1/system_xbar_0.dcp' has been generated.
INFO: [Coretcl 2-1648] Added synthesis output to IP cache for IP system_xbar_0, cache-ID = 30725c53f3c6dc1d
INFO: [Coretcl 2-1174] Renamed 7 cell refs.
INFO: [Common 17-1381] The checkpoint 'D:/Mukesh/Cam_RoPuf_Hw/project_1/project_1.runs/system_xbar_0_synth_1/system_xbar_0.dcp' has been generated.
INFO: [runtcl-4] Executing : report_utilization -file system_xbar_0_utilization_synth.rpt -pb system_xbar_0_utilization_synth.pb
INFO: [Common 17-206] Exiting Vivado at Sat Aug 31 15:43:40 2024...
